<?xml version="1.0" encoding="UTF-8"?>
<!-- Generated by org.testng.reporters.JUnitReportReporter -->
<testsuite skipped="0" hostname="LNGDAYV-1040192" name="com.lexisnexis.cl.q7.tests.HomeUserPageTest" tests="2" failures="0" timestamp="24 Apr 2020 07:46:04 GMT" time="34.878" errors="0">
  <testcase name="verifyhomeUserPageTitleTest" time="19.985" classname="com.lexisnexis.cl.q7.tests.HomeUserPageTest"/>
  <testcase name="verifyMatterLink" time="14.893" classname="com.lexisnexis.cl.q7.tests.HomeUserPageTest"/>
</testsuite> <!-- com.lexisnexis.cl.q7.tests.HomeUserPageTest -->
