<?xml version="1.0" encoding="UTF-8"?>
<!-- Generated by org.testng.reporters.JUnitReportReporter -->
<testsuite skipped="0" hostname="LNGDAYV-1040192" name="com.lexisnexis.cl.q7.tests.OverviewMatterPageTest" tests="1" failures="0" timestamp="24 Apr 2020 07:46:04 GMT" time="31.354" errors="0">
  <testcase name="verifyMatterNameTest" time="31.354" classname="com.lexisnexis.cl.q7.tests.OverviewMatterPageTest"/>
</testsuite> <!-- com.lexisnexis.cl.q7.tests.OverviewMatterPageTest -->
