<?xml version="1.0" encoding="UTF-8"?>
<!-- Generated by org.testng.reporters.JUnitReportReporter -->
<testsuite skipped="0" hostname="LNGDAYV-1040192" name="com.lexisnexis.cl.q7.tests.CorporateCustomerTest" tests="2" failures="0" timestamp="24 Apr 2020 07:46:04 GMT" time="21.746" errors="0">
  <testcase name="validateCorporateCustomerTitleTest" time="11.423" classname="com.lexisnexis.cl.q7.tests.CorporateCustomerTest"/>
  <testcase name="validateEnterClientTest" time="10.323" classname="com.lexisnexis.cl.q7.tests.CorporateCustomerTest"/>
</testsuite> <!-- com.lexisnexis.cl.q7.tests.CorporateCustomerTest -->
