<?xml version="1.0" encoding="UTF-8"?>
<!-- Generated by org.testng.reporters.JUnitReportReporter -->
<testsuite skipped="0" hostname="LNGDAYV-1040192" name="com.lexisnexis.cl.q7.tests.CustomerListPageTest" tests="2" failures="0" timestamp="24 Apr 2020 07:46:04 GMT" time="22.354" errors="0">
  <testcase name="verifyCustomerListPageTitleTest" time="11.352" classname="com.lexisnexis.cl.q7.tests.CustomerListPageTest"/>
  <testcase name="verifyOfficeLinkTest" time="11.002" classname="com.lexisnexis.cl.q7.tests.CustomerListPageTest"/>
</testsuite> <!-- com.lexisnexis.cl.q7.tests.CustomerListPageTest -->
