<?xml version="1.0" encoding="UTF-8"?>
<!-- Generated by org.testng.reporters.JUnitReportReporter -->
<testsuite skipped="0" hostname="LNGDAYV-1040192" name="com.lexisnexis.cl.q7.tests.HomePageTest" tests="2" failures="0" timestamp="24 Apr 2020 07:46:04 GMT" time="13.247" errors="0">
  <testcase name="validateHomePageTitleTest" time="5.653" classname="com.lexisnexis.cl.q7.tests.HomePageTest"/>
  <testcase name="validateCorporateSearchLinkTest" time="7.594" classname="com.lexisnexis.cl.q7.tests.HomePageTest"/>
</testsuite> <!-- com.lexisnexis.cl.q7.tests.HomePageTest -->
