<?xml version="1.0" encoding="UTF-8"?>
<!-- Generated by org.testng.reporters.JUnitReportReporter -->
<testsuite skipped="0" hostname="LNGDAYV-1040192" name="com.lexisnexis.cl.q7.tests.OfficePageTest" tests="2" failures="0" timestamp="24 Apr 2020 07:46:04 GMT" time="20.842" errors="0">
  <testcase name="verifyOfficeTitleTest" time="8.893" classname="com.lexisnexis.cl.q7.tests.OfficePageTest"/>
  <testcase name="verifyUserIdLinkTest" time="11.949" classname="com.lexisnexis.cl.q7.tests.OfficePageTest"/>
</testsuite> <!-- com.lexisnexis.cl.q7.tests.OfficePageTest -->
